<?xml version="1.0" encoding="UTF-8"?>
<robot generator="Robot 4.1.2 (Python 3.10.0 on win32)" generated="20211127 23:56:03.926" rpa="false" schemaversion="2">
<suite id="s1" name="testUserPet" source="E:\Projetos Robot\SwaggerPetStoreRobot\tests\testUserPet.robot">
<test id="s1-t1" name="Cadastrar um novo usuário">
<kw name="Conectar API" library="Resources" type="SETUP">
<kw name="Create Session" library="RequestsLibrary">
<arg>SwaggerAPI</arg>
<arg>${URL}</arg>
<doc>Create Session: create a HTTP session to a server</doc>
<msg timestamp="20211127 23:56:04.045" level="INFO">Creating Session using : alias=SwaggerAPI, url=https://petstore.swagger.io/v2/, headers={},                     cookies={}, auth=None, timeout=None, proxies=None, verify=False,                     debug=0 </msg>
<status status="PASS" starttime="20211127 23:56:04.045" endtime="20211127 23:56:04.045"/>
</kw>
<status status="PASS" starttime="20211127 23:56:04.045" endtime="20211127 23:56:04.045"/>
</kw>
<kw name="Cadastrar um novo &quot;usuario&quot;" library="Resources">
<kw name="Create Dictionary" library="BuiltIn">
<var>${HEADERS}</var>
<arg>content-type=application/json</arg>
<doc>Creates and returns a dictionary based on the given ``items``.</doc>
<msg timestamp="20211127 23:56:04.047" level="INFO">${HEADERS} = {'content-type': 'application/json'}</msg>
<status status="PASS" starttime="20211127 23:56:04.046" endtime="20211127 23:56:04.047"/>
</kw>
<kw name="POST On Session" library="RequestsLibrary">
<var>${RESPOSTA}</var>
<arg>SwaggerAPI</arg>
<arg>user</arg>
<arg>json=${USER1}</arg>
<arg>headers=${HEADERS}</arg>
<doc>Sends a POST request on a previously created HTTP Session.</doc>
<msg timestamp="20211127 23:56:04.765" level="INFO">POST Request : url=https://petstore.swagger.io/v2/user 
 path_url=/v2/user 
 headers={'User-Agent': 'python-requests/2.26.0', 'Accept-Encoding': 'gzip, deflate', 'Accept': '*/*', 'Connection': 'keep-alive', 'content-type': 'application/json', 'Content-Length': '168'} 
 body=b'{"id": "0", "username": "Tone", "firstName": "Everton", "lastName": "Dutra", "email": "everton@dutra.com", "password": "654321", "phone": "11122233", "userStatus": "1"}' 
 </msg>
<msg timestamp="20211127 23:56:04.765" level="INFO">POST Response : url=https://petstore.swagger.io/v2/user 
 status=200, reason=OK 
 headers={'Date': 'Sun, 28 Nov 2021 02:56:25 GMT', 'Content-Type': 'application/json', 'Transfer-Encoding': 'chunked', 'Connection': 'keep-alive', 'Access-Control-Allow-Origin': '*', 'Access-Control-Allow-Methods': 'GET, POST, DELETE, PUT', 'Access-Control-Allow-Headers': 'Content-Type, api_key, Authorization', 'Server': 'Jetty(9.2.9.v20150224)'} 
 body={"code":200,"type":"unknown","message":"9223372036854775807"} 
 </msg>
<msg timestamp="20211127 23:56:04.766" level="INFO">C:\Users\shaaz\AppData\Local\Programs\Python\Python310\lib\site-packages\urllib3\connectionpool.py:1013: InsecureRequestWarning: Unverified HTTPS request is being made to host 'petstore.swagger.io'. Adding certificate verification is strongly advised. See: https://urllib3.readthedocs.io/en/1.26.x/advanced-usage.html#ssl-warnings
  warnings.warn(</msg>
<msg timestamp="20211127 23:56:04.769" level="INFO">${RESPOSTA} = &lt;Response [200]&gt;</msg>
<status status="PASS" starttime="20211127 23:56:04.047" endtime="20211127 23:56:04.769"/>
</kw>
<kw name="Log" library="BuiltIn">
<arg>${RESPOSTA.json()["message"]}</arg>
<doc>Logs the given message with the given level.</doc>
<msg timestamp="20211127 23:56:04.772" level="INFO">9223372036854775807</msg>
<status status="PASS" starttime="20211127 23:56:04.769" endtime="20211127 23:56:04.772"/>
</kw>
<status status="PASS" starttime="20211127 23:56:04.046" endtime="20211127 23:56:04.773"/>
</kw>
<status status="PASS" starttime="20211127 23:56:04.044" endtime="20211127 23:56:04.774"/>
</test>
<status status="PASS" starttime="20211127 23:56:03.928" endtime="20211127 23:56:04.777"/>
</suite>
<statistics>
<total>
<stat pass="1" fail="0" skip="0">All Tests</stat>
</total>
<tag>
</tag>
<suite>
<stat pass="1" fail="0" skip="0" id="s1" name="testUserPet">testUserPet</stat>
</suite>
</statistics>
<errors>
<msg timestamp="20211127 23:56:04.042" level="ERROR">Error in file 'E:\Projetos Robot\SwaggerPetStoreRobot\resources\Resources.robot' on line 4: Resource file 'USER1' does not exist.</msg>
</errors>
</robot>
