<?xml version="1.0" encoding="UTF-8"?>
<robot generator="Robot 5.0.1 (Python 3.10.5 on win32)" generated="20220907 18:35:07.311" rpa="false" schemaversion="3">
<suite id="s1" name="testUserPet" source="C:\Users\edutra\Desktop\pipeline\tests\testUserPet.robot">
<test id="s1-t1" name="Cadastrar um novo usuário" line="12">
<kw name="Conectar API" library="Resources" type="SETUP">
<kw name="Create Session" library="RequestsLibrary">
<arg>SwaggerAPI</arg>
<arg>${URL}</arg>
<arg>disable_warnings=1</arg>
<arg>max_retries=5</arg>
<arg>retry_status_list=[404]</arg>
<doc>Create Session: create a HTTP session to a server</doc>
<msg timestamp="20220907 18:35:07.451" level="INFO">Creating Session using : alias=SwaggerAPI, url=https://petstore.swagger.io/v2/, headers={},                     cookies={}, auth=None, timeout=None, proxies=None, verify=False,                     debug=0 </msg>
<status status="PASS" starttime="20220907 18:35:07.450" endtime="20220907 18:35:07.451"/>
</kw>
<status status="PASS" starttime="20220907 18:35:07.450" endtime="20220907 18:35:07.451"/>
</kw>
<kw name="Cadastrar um novo usuario ${NOME_USUARIO}" library="Resources" sourcename="Cadastrar um novo usuario ${USER}">
<kw name="Load Json From File" library="JSONLibrary">
<var>${USUARIO}</var>
<arg>./resources/${USER}.json</arg>
<doc>Load JSON from file.</doc>
<msg timestamp="20220907 18:35:07.452" level="INFO">${USUARIO} = {'id': 0, 'username': 'Tone', 'firstName': 'Everton', 'lastName': 'Dutra', 'email': 'everton@dutra.com', 'password': '654321', 'phone': '11122233', 'userStatus': 0}</msg>
<status status="PASS" starttime="20220907 18:35:07.452" endtime="20220907 18:35:07.452"/>
</kw>
<kw name="Set Test Variable" library="BuiltIn">
<arg>${USUARIO}</arg>
<doc>Makes a variable available everywhere within the scope of the current test.</doc>
<msg timestamp="20220907 18:35:07.454" level="INFO">${USUARIO} = {'id': 0, 'username': 'Tone', 'firstName': 'Everton', 'lastName': 'Dutra', 'email': 'everton@dutra.com', 'password': '654321', 'phone': '11122233', 'userStatus': 0}</msg>
<status status="PASS" starttime="20220907 18:35:07.452" endtime="20220907 18:35:07.454"/>
</kw>
<kw name="Create Dictionary" library="BuiltIn">
<var>${HEADERS}</var>
<arg>content-type=application/json</arg>
<doc>Creates and returns a dictionary based on the given ``items``.</doc>
<msg timestamp="20220907 18:35:07.454" level="INFO">${HEADERS} = {'content-type': 'application/json'}</msg>
<status status="PASS" starttime="20220907 18:35:07.454" endtime="20220907 18:35:07.454"/>
</kw>
<kw name="POST On Session" library="RequestsLibrary">
<var>${RESPOSTA}</var>
<arg>SwaggerAPI</arg>
<arg>user</arg>
<arg>json=${USUARIO}</arg>
<arg>headers=${HEADERS}</arg>
<doc>Sends a POST request on a previously created HTTP Session.</doc>
<msg timestamp="20220907 18:35:08.136" level="INFO">POST Request : url=https://petstore.swagger.io/v2/user 
 path_url=/v2/user 
 headers={'User-Agent': 'python-requests/2.28.1', 'Accept-Encoding': 'gzip, deflate', 'Accept': '*/*', 'Connection': 'keep-alive', 'content-type': 'application/json', 'Content-Length': '164'} 
 body=b'{"id": 0, "username": "Tone", "firstName": "Everton", "lastName": "Dutra", "email": "everton@dutra.com", "password": "654321", "phone": "11122233", "userStatus": 0}' 
 </msg>
<msg timestamp="20220907 18:35:08.136" level="INFO">POST Response : url=https://petstore.swagger.io/v2/user 
 status=200, reason=OK 
 headers={'Date': 'Wed, 07 Sep 2022 21:35:08 GMT', 'Content-Type': 'application/json', 'Transfer-Encoding': 'chunked', 'Connection': 'keep-alive', 'Access-Control-Allow-Origin': '*', 'Access-Control-Allow-Methods': 'GET, POST, DELETE, PUT', 'Access-Control-Allow-Headers': 'Content-Type, api_key, Authorization', 'Server': 'Jetty(9.2.9.v20150224)'} 
 body={"code":200,"type":"unknown","message":"9223372036854775807"} 
 </msg>
<msg timestamp="20220907 18:35:08.137" level="INFO">${RESPOSTA} = &lt;Response [200]&gt;</msg>
<status status="PASS" starttime="20220907 18:35:07.454" endtime="20220907 18:35:08.137"/>
</kw>
<kw name="Set Test Variable" library="BuiltIn">
<arg>${RESPOSTA}</arg>
<doc>Makes a variable available everywhere within the scope of the current test.</doc>
<msg timestamp="20220907 18:35:08.138" level="INFO">${RESPOSTA} = &lt;Response [200]&gt;</msg>
<status status="PASS" starttime="20220907 18:35:08.137" endtime="20220907 18:35:08.138"/>
</kw>
<kw name="Set Variable" library="BuiltIn">
<var>${MESSAGE}</var>
<arg>${RESPOSTA.json()["message"]}</arg>
<doc>Returns the given values which can then be assigned to a variables.</doc>
<msg timestamp="20220907 18:35:08.139" level="INFO">${MESSAGE} = 9223372036854775807</msg>
<status status="PASS" starttime="20220907 18:35:08.138" endtime="20220907 18:35:08.139"/>
</kw>
<kw name="Set Global Variable" library="BuiltIn">
<arg>${MESSAGE}</arg>
<doc>Makes a variable available globally in all tests and suites.</doc>
<msg timestamp="20220907 18:35:08.140" level="INFO">${MESSAGE} = 9223372036854775807</msg>
<status status="PASS" starttime="20220907 18:35:08.139" endtime="20220907 18:35:08.140"/>
</kw>
<status status="PASS" starttime="20220907 18:35:07.452" endtime="20220907 18:35:08.140"/>
</kw>
<kw name="Conferir o status code 200" library="Resources" sourcename="Conferir o status code ${STATUS_CODE_ESPERADO}">
<kw name="Should Be Equal As Strings" library="BuiltIn">
<arg>${RESPOSTA.status_code}</arg>
<arg>${STATUS_CODE_ESPERADO}</arg>
<doc>Fails if objects are unequal after converting them to strings.</doc>
<msg timestamp="20220907 18:35:08.143" level="INFO">Argument types are:
&lt;class 'int'&gt;
&lt;class 'str'&gt;</msg>
<status status="PASS" starttime="20220907 18:35:08.141" endtime="20220907 18:35:08.143"/>
</kw>
<status status="PASS" starttime="20220907 18:35:08.141" endtime="20220907 18:35:08.143"/>
</kw>
<kw name="Conferir reason OK" library="Resources" sourcename="Conferir reason ${REASON_ESPERADO}">
<kw name="Should Be Equal As Strings" library="BuiltIn">
<arg>${RESPOSTA.reason}</arg>
<arg>${REASON_ESPERADO}</arg>
<doc>Fails if objects are unequal after converting them to strings.</doc>
<status status="PASS" starttime="20220907 18:35:08.144" endtime="20220907 18:35:08.145"/>
</kw>
<status status="PASS" starttime="20220907 18:35:08.144" endtime="20220907 18:35:08.145"/>
</kw>
<kw name="Conferir o body da resposta" library="Resources">
<kw name="Should Not Be Empty" library="BuiltIn">
<arg>item</arg>
<arg>${RESPOSTA.json()}[message]</arg>
<doc>Verifies that the given item is not empty.</doc>
<msg timestamp="20220907 18:35:08.147" level="INFO">Length is 4</msg>
<status status="PASS" starttime="20220907 18:35:08.146" endtime="20220907 18:35:08.147"/>
</kw>
<kw name="Should Be Equal As Strings" library="BuiltIn">
<arg>${RESPOSTA.json()["code"]}</arg>
<arg>200</arg>
<doc>Fails if objects are unequal after converting them to strings.</doc>
<msg timestamp="20220907 18:35:08.148" level="INFO">Argument types are:
&lt;class 'int'&gt;
&lt;class 'str'&gt;</msg>
<status status="PASS" starttime="20220907 18:35:08.147" endtime="20220907 18:35:08.148"/>
</kw>
<kw name="Should Be Equal As Strings" library="BuiltIn">
<arg>${RESPOSTA.json()["type"]}</arg>
<arg>unknown</arg>
<doc>Fails if objects are unequal after converting them to strings.</doc>
<status status="PASS" starttime="20220907 18:35:08.149" endtime="20220907 18:35:08.150"/>
</kw>
<status status="PASS" starttime="20220907 18:35:08.146" endtime="20220907 18:35:08.150"/>
</kw>
<tag>POST</tag>
<status status="PASS" starttime="20220907 18:35:07.448" endtime="20220907 18:35:08.150"/>
</test>
<test id="s1-t2" name="Consultar um usuário" line="19">
<kw name="Conectar API" library="Resources" type="SETUP">
<kw name="Create Session" library="RequestsLibrary">
<arg>SwaggerAPI</arg>
<arg>${URL}</arg>
<arg>disable_warnings=1</arg>
<arg>max_retries=5</arg>
<arg>retry_status_list=[404]</arg>
<doc>Create Session: create a HTTP session to a server</doc>
<msg timestamp="20220907 18:35:08.155" level="INFO">Creating Session using : alias=SwaggerAPI, url=https://petstore.swagger.io/v2/, headers={},                     cookies={}, auth=None, timeout=None, proxies=None, verify=False,                     debug=0 </msg>
<status status="PASS" starttime="20220907 18:35:08.154" endtime="20220907 18:35:08.155"/>
</kw>
<status status="PASS" starttime="20220907 18:35:08.154" endtime="20220907 18:35:08.155"/>
</kw>
<kw name="Consultar um usuário ${NOME_USUARIO}" library="Resources" sourcename="Consultar um usuário ${USER}">
<kw name="Load Json From File" library="JSONLibrary">
<var>${USUARIO}</var>
<arg>./resources/${USER}.json</arg>
<doc>Load JSON from file.</doc>
<msg timestamp="20220907 18:35:08.157" level="INFO">${USUARIO} = {'id': 0, 'username': 'Tone', 'firstName': 'Everton', 'lastName': 'Dutra', 'email': 'everton@dutra.com', 'password': '654321', 'phone': '11122233', 'userStatus': 0}</msg>
<status status="PASS" starttime="20220907 18:35:08.157" endtime="20220907 18:35:08.157"/>
</kw>
<kw name="Set Test Variable" library="BuiltIn">
<arg>${USUARIO}</arg>
<doc>Makes a variable available everywhere within the scope of the current test.</doc>
<msg timestamp="20220907 18:35:08.158" level="INFO">${USUARIO} = {'id': 0, 'username': 'Tone', 'firstName': 'Everton', 'lastName': 'Dutra', 'email': 'everton@dutra.com', 'password': '654321', 'phone': '11122233', 'userStatus': 0}</msg>
<status status="PASS" starttime="20220907 18:35:08.157" endtime="20220907 18:35:08.158"/>
</kw>
<kw name="GET On Session" library="RequestsLibrary">
<var>${RESPOSTA}</var>
<arg>SwaggerAPI</arg>
<arg>user/${USER}</arg>
<doc>Sends a GET request on a previously created HTTP Session.</doc>
<msg timestamp="20220907 18:35:08.751" level="INFO">GET Request : url=https://petstore.swagger.io/v2/user/Tone 
 path_url=/v2/user/Tone 
 headers={'User-Agent': 'python-requests/2.28.1', 'Accept-Encoding': 'gzip, deflate', 'Accept': '*/*', 'Connection': 'keep-alive'} 
 body=None 
 </msg>
<msg timestamp="20220907 18:35:08.751" level="INFO">GET Response : url=https://petstore.swagger.io/v2/user/Tone 
 status=200, reason=OK 
 headers={'Date': 'Wed, 07 Sep 2022 21:35:08 GMT', 'Content-Type': 'application/json', 'Transfer-Encoding': 'chunked', 'Connection': 'keep-alive', 'Access-Control-Allow-Origin': '*', 'Access-Control-Allow-Methods': 'GET, POST, DELETE, PUT', 'Access-Control-Allow-Headers': 'Content-Type, api_key, Authorization', 'Server': 'Jetty(9.2.9.v20150224)'} 
 body={"id":9223372036854775807,"username":"Tone","firstName":"Everton","lastName":"Dutra","email":"everton@dutra.com","password":"654321","phone":"11122233","userStatus":0} 
 </msg>
<msg timestamp="20220907 18:35:08.751" level="INFO">${RESPOSTA} = &lt;Response [200]&gt;</msg>
<status status="PASS" starttime="20220907 18:35:08.158" endtime="20220907 18:35:08.751"/>
</kw>
<kw name="Set Test Variable" library="BuiltIn">
<arg>${RESPOSTA}</arg>
<doc>Makes a variable available everywhere within the scope of the current test.</doc>
<msg timestamp="20220907 18:35:08.751" level="INFO">${RESPOSTA} = &lt;Response [200]&gt;</msg>
<status status="PASS" starttime="20220907 18:35:08.751" endtime="20220907 18:35:08.751"/>
</kw>
<status status="PASS" starttime="20220907 18:35:08.156" endtime="20220907 18:35:08.751"/>
</kw>
<kw name="Conferir o status code 200" library="Resources" sourcename="Conferir o status code ${STATUS_CODE_ESPERADO}">
<kw name="Should Be Equal As Strings" library="BuiltIn">
<arg>${RESPOSTA.status_code}</arg>
<arg>${STATUS_CODE_ESPERADO}</arg>
<doc>Fails if objects are unequal after converting them to strings.</doc>
<msg timestamp="20220907 18:35:08.753" level="INFO">Argument types are:
&lt;class 'int'&gt;
&lt;class 'str'&gt;</msg>
<status status="PASS" starttime="20220907 18:35:08.753" endtime="20220907 18:35:08.753"/>
</kw>
<status status="PASS" starttime="20220907 18:35:08.753" endtime="20220907 18:35:08.753"/>
</kw>
<kw name="Conferir reason OK" library="Resources" sourcename="Conferir reason ${REASON_ESPERADO}">
<kw name="Should Be Equal As Strings" library="BuiltIn">
<arg>${RESPOSTA.reason}</arg>
<arg>${REASON_ESPERADO}</arg>
<doc>Fails if objects are unequal after converting them to strings.</doc>
<status status="PASS" starttime="20220907 18:35:08.754" endtime="20220907 18:35:08.755"/>
</kw>
<status status="PASS" starttime="20220907 18:35:08.754" endtime="20220907 18:35:08.755"/>
</kw>
<kw name="Conferir resposta do body ${NOME_USUARIO}" library="Resources" sourcename="Conferir resposta do body ${NOME_USUARIO}">
<kw name="Should Not Be Empty" library="BuiltIn">
<arg>item</arg>
<arg>${RESPOSTA.json()}[id]</arg>
<doc>Verifies that the given item is not empty.</doc>
<msg timestamp="20220907 18:35:08.756" level="INFO">Length is 4</msg>
<status status="PASS" starttime="20220907 18:35:08.755" endtime="20220907 18:35:08.756"/>
</kw>
<kw name="Dictionary Should Contain Item" library="Collections">
<arg>${RESPOSTA.json()}</arg>
<arg>username</arg>
<arg>${USUARIO}[username]</arg>
<doc>An item of ``key`` / ``value`` must be found in a ``dictionary``.</doc>
<status status="PASS" starttime="20220907 18:35:08.756" endtime="20220907 18:35:08.757"/>
</kw>
<kw name="Dictionary Should Contain Item" library="Collections">
<arg>${RESPOSTA.json()}</arg>
<arg>lastName</arg>
<arg>${USUARIO}[lastName]</arg>
<doc>An item of ``key`` / ``value`` must be found in a ``dictionary``.</doc>
<status status="PASS" starttime="20220907 18:35:08.757" endtime="20220907 18:35:08.757"/>
</kw>
<kw name="Dictionary Should Contain Item" library="Collections">
<arg>${RESPOSTA.json()}</arg>
<arg>email</arg>
<arg>${USUARIO}[email]</arg>
<doc>An item of ``key`` / ``value`` must be found in a ``dictionary``.</doc>
<status status="PASS" starttime="20220907 18:35:08.757" endtime="20220907 18:35:08.759"/>
</kw>
<status status="PASS" starttime="20220907 18:35:08.755" endtime="20220907 18:35:08.759"/>
</kw>
<tag>GET</tag>
<status status="PASS" starttime="20220907 18:35:08.153" endtime="20220907 18:35:08.759"/>
</test>
<test id="s1-t3" name="Alterar um usuário" line="26">
<kw name="Conectar API" library="Resources" type="SETUP">
<kw name="Create Session" library="RequestsLibrary">
<arg>SwaggerAPI</arg>
<arg>${URL}</arg>
<arg>disable_warnings=1</arg>
<arg>max_retries=5</arg>
<arg>retry_status_list=[404]</arg>
<doc>Create Session: create a HTTP session to a server</doc>
<msg timestamp="20220907 18:35:08.761" level="INFO">Creating Session using : alias=SwaggerAPI, url=https://petstore.swagger.io/v2/, headers={},                     cookies={}, auth=None, timeout=None, proxies=None, verify=False,                     debug=0 </msg>
<status status="PASS" starttime="20220907 18:35:08.761" endtime="20220907 18:35:08.762"/>
</kw>
<status status="PASS" starttime="20220907 18:35:08.761" endtime="20220907 18:35:08.762"/>
</kw>
<kw name="Alterar um usuário ${NOME_USUARIO}" library="Resources" sourcename="Alterar um usuário ${USER}">
<kw name="Load Json From File" library="JSONLibrary">
<var>${USUARIO}</var>
<arg>./resources/Novo_Usuario.json</arg>
<doc>Load JSON from file.</doc>
<msg timestamp="20220907 18:35:08.763" level="INFO">${USUARIO} = {'id': 0, 'username': 'Edu', 'firstName': 'Eduardo', 'lastName': 'Dutra', 'email': 'Eduardo@dutra.com', 'password': '11111111', 'phone': '333444888', 'userStatus': 0}</msg>
<status status="PASS" starttime="20220907 18:35:08.763" endtime="20220907 18:35:08.763"/>
</kw>
<kw name="Create Dictionary" library="BuiltIn">
<var>${HEADERS}</var>
<arg>content-type=application/json</arg>
<doc>Creates and returns a dictionary based on the given ``items``.</doc>
<msg timestamp="20220907 18:35:08.763" level="INFO">${HEADERS} = {'content-type': 'application/json'}</msg>
<status status="PASS" starttime="20220907 18:35:08.763" endtime="20220907 18:35:08.763"/>
</kw>
<kw name="PUT On Session" library="RequestsLibrary">
<var>${RESPOSTA}</var>
<arg>SwaggerAPI</arg>
<arg>user/${USER}</arg>
<arg>json=${USUARIO}</arg>
<arg>headers=${HEADERS}</arg>
<doc>Sends a PUT request on a previously created HTTP Session.</doc>
<msg timestamp="20220907 18:35:09.385" level="INFO">PUT Request : url=https://petstore.swagger.io/v2/user/Tone 
 path_url=/v2/user/Tone 
 headers={'User-Agent': 'python-requests/2.28.1', 'Accept-Encoding': 'gzip, deflate', 'Accept': '*/*', 'Connection': 'keep-alive', 'content-type': 'application/json', 'Content-Length': '166'} 
 body=b'{"id": 0, "username": "Edu", "firstName": "Eduardo", "lastName": "Dutra", "email": "Eduardo@dutra.com", "password": "11111111", "phone": "333444888", "userStatus": 0}' 
 </msg>
<msg timestamp="20220907 18:35:09.385" level="INFO">PUT Response : url=https://petstore.swagger.io/v2/user/Tone 
 status=200, reason=OK 
 headers={'Date': 'Wed, 07 Sep 2022 21:35:09 GMT', 'Content-Type': 'application/json', 'Transfer-Encoding': 'chunked', 'Connection': 'keep-alive', 'Access-Control-Allow-Origin': '*', 'Access-Control-Allow-Methods': 'GET, POST, DELETE, PUT', 'Access-Control-Allow-Headers': 'Content-Type, api_key, Authorization', 'Server': 'Jetty(9.2.9.v20150224)'} 
 body={"code":200,"type":"unknown","message":"9223372036854775807"} 
 </msg>
<msg timestamp="20220907 18:35:09.385" level="INFO">${RESPOSTA} = &lt;Response [200]&gt;</msg>
<status status="PASS" starttime="20220907 18:35:08.763" endtime="20220907 18:35:09.385"/>
</kw>
<kw name="Set Test Variable" library="BuiltIn">
<arg>${USUARIO}</arg>
<doc>Makes a variable available everywhere within the scope of the current test.</doc>
<msg timestamp="20220907 18:35:09.386" level="INFO">${USUARIO} = {'id': 0, 'username': 'Edu', 'firstName': 'Eduardo', 'lastName': 'Dutra', 'email': 'Eduardo@dutra.com', 'password': '11111111', 'phone': '333444888', 'userStatus': 0}</msg>
<status status="PASS" starttime="20220907 18:35:09.386" endtime="20220907 18:35:09.386"/>
</kw>
<kw name="Set Test Variable" library="BuiltIn">
<arg>${RESPOSTA}</arg>
<doc>Makes a variable available everywhere within the scope of the current test.</doc>
<msg timestamp="20220907 18:35:09.387" level="INFO">${RESPOSTA} = &lt;Response [200]&gt;</msg>
<status status="PASS" starttime="20220907 18:35:09.387" endtime="20220907 18:35:09.387"/>
</kw>
<status status="PASS" starttime="20220907 18:35:08.762" endtime="20220907 18:35:09.387"/>
</kw>
<kw name="Conferir o status code 200" library="Resources" sourcename="Conferir o status code ${STATUS_CODE_ESPERADO}">
<kw name="Should Be Equal As Strings" library="BuiltIn">
<arg>${RESPOSTA.status_code}</arg>
<arg>${STATUS_CODE_ESPERADO}</arg>
<doc>Fails if objects are unequal after converting them to strings.</doc>
<msg timestamp="20220907 18:35:09.391" level="INFO">Argument types are:
&lt;class 'int'&gt;
&lt;class 'str'&gt;</msg>
<status status="PASS" starttime="20220907 18:35:09.389" endtime="20220907 18:35:09.391"/>
</kw>
<status status="PASS" starttime="20220907 18:35:09.389" endtime="20220907 18:35:09.391"/>
</kw>
<kw name="Conferir reason OK" library="Resources" sourcename="Conferir reason ${REASON_ESPERADO}">
<kw name="Should Be Equal As Strings" library="BuiltIn">
<arg>${RESPOSTA.reason}</arg>
<arg>${REASON_ESPERADO}</arg>
<doc>Fails if objects are unequal after converting them to strings.</doc>
<status status="PASS" starttime="20220907 18:35:09.392" endtime="20220907 18:35:09.393"/>
</kw>
<status status="PASS" starttime="20220907 18:35:09.392" endtime="20220907 18:35:09.394"/>
</kw>
<kw name="Conferir o body da resposta" library="Resources">
<kw name="Should Not Be Empty" library="BuiltIn">
<arg>item</arg>
<arg>${RESPOSTA.json()}[message]</arg>
<doc>Verifies that the given item is not empty.</doc>
<msg timestamp="20220907 18:35:09.395" level="INFO">Length is 4</msg>
<status status="PASS" starttime="20220907 18:35:09.394" endtime="20220907 18:35:09.395"/>
</kw>
<kw name="Should Be Equal As Strings" library="BuiltIn">
<arg>${RESPOSTA.json()["code"]}</arg>
<arg>200</arg>
<doc>Fails if objects are unequal after converting them to strings.</doc>
<msg timestamp="20220907 18:35:09.396" level="INFO">Argument types are:
&lt;class 'int'&gt;
&lt;class 'str'&gt;</msg>
<status status="PASS" starttime="20220907 18:35:09.396" endtime="20220907 18:35:09.396"/>
</kw>
<kw name="Should Be Equal As Strings" library="BuiltIn">
<arg>${RESPOSTA.json()["type"]}</arg>
<arg>unknown</arg>
<doc>Fails if objects are unequal after converting them to strings.</doc>
<status status="PASS" starttime="20220907 18:35:09.397" endtime="20220907 18:35:09.397"/>
</kw>
<status status="PASS" starttime="20220907 18:35:09.394" endtime="20220907 18:35:09.397"/>
</kw>
<tag>PUT</tag>
<status status="PASS" starttime="20220907 18:35:08.760" endtime="20220907 18:35:09.398"/>
</test>
<test id="s1-t4" name="Deletar um usuário" line="33">
<kw name="Conectar API" library="Resources" type="SETUP">
<kw name="Create Session" library="RequestsLibrary">
<arg>SwaggerAPI</arg>
<arg>${URL}</arg>
<arg>disable_warnings=1</arg>
<arg>max_retries=5</arg>
<arg>retry_status_list=[404]</arg>
<doc>Create Session: create a HTTP session to a server</doc>
<msg timestamp="20220907 18:35:09.402" level="INFO">Creating Session using : alias=SwaggerAPI, url=https://petstore.swagger.io/v2/, headers={},                     cookies={}, auth=None, timeout=None, proxies=None, verify=False,                     debug=0 </msg>
<status status="PASS" starttime="20220907 18:35:09.401" endtime="20220907 18:35:09.402"/>
</kw>
<status status="PASS" starttime="20220907 18:35:09.401" endtime="20220907 18:35:09.402"/>
</kw>
<kw name="Deletar um usuário ${NOME_USUARIO}" library="Resources" sourcename="Deletar um usuário ${USER}">
<kw name="DELETE On Session" library="RequestsLibrary">
<var>${RESPOSTA}</var>
<arg>SwaggerAPI</arg>
<arg>user/${USER}</arg>
<doc>Sends a DELETE request on a previously created HTTP Session.</doc>
<msg timestamp="20220907 18:35:13.932" level="FAIL">RetryError: HTTPSConnectionPool(host='petstore.swagger.io', port=443): Max retries exceeded with url: /v2/user/Tone (Caused by ResponseError('too many 404 error responses'))</msg>
<status status="FAIL" starttime="20220907 18:35:09.403" endtime="20220907 18:35:13.935"/>
</kw>
<kw name="Set Test Variable" library="BuiltIn">
<arg>${RESPOSTA}</arg>
<doc>Makes a variable available everywhere within the scope of the current test.</doc>
<status status="NOT RUN" starttime="20220907 18:35:13.936" endtime="20220907 18:35:13.936"/>
</kw>
<status status="FAIL" starttime="20220907 18:35:09.403" endtime="20220907 18:35:13.937"/>
</kw>
<kw name="Conferir o status code 200" library="Resources" sourcename="Conferir o status code ${STATUS_CODE_ESPERADO}">
<status status="NOT RUN" starttime="20220907 18:35:13.938" endtime="20220907 18:35:13.938"/>
</kw>
<kw name="Conferir reason OK" library="Resources" sourcename="Conferir reason ${REASON_ESPERADO}">
<status status="NOT RUN" starttime="20220907 18:35:13.939" endtime="20220907 18:35:13.939"/>
</kw>
<kw name="Conferir o body da resposta" library="Resources">
<status status="NOT RUN" starttime="20220907 18:35:13.940" endtime="20220907 18:35:13.940"/>
</kw>
<tag>DEL</tag>
<status status="FAIL" starttime="20220907 18:35:09.401" endtime="20220907 18:35:13.941">RetryError: HTTPSConnectionPool(host='petstore.swagger.io', port=443): Max retries exceeded with url: /v2/user/Tone (Caused by ResponseError('too many 404 error responses'))</status>
</test>
<status status="FAIL" starttime="20220907 18:35:07.312" endtime="20220907 18:35:13.943"/>
</suite>
<statistics>
<total>
<stat pass="3" fail="1" skip="0">All Tests</stat>
</total>
<tag>
<stat pass="0" fail="1" skip="0">DEL</stat>
<stat pass="1" fail="0" skip="0">GET</stat>
<stat pass="1" fail="0" skip="0">POST</stat>
<stat pass="1" fail="0" skip="0">PUT</stat>
</tag>
<suite>
<stat pass="3" fail="1" skip="0" id="s1" name="testUserPet">testUserPet</stat>
</suite>
</statistics>
<errors>
</errors>
</robot>
